04:15:18.416 [main] INFO  edu.usu.cs5260.common.ProducerSettings - max-widget-requests: 100
04:15:18.421 [main] INFO  edu.usu.cs5260.common.ProducerSettings - inter-request-delay: 200
04:15:19.232 [Thread-1] INFO  edu.usu.cs5260.producer.RequestGenerator - Generate a Create request
04:15:20.203 [Thread-1] INFO  edu.usu.cs5260.producer.RequestGenerator - Generate a Create request
04:15:20.249 [Thread-1] INFO  edu.usu.cs5260.producer.RequestGenerator - Generate a Create request
04:15:20.284 [Thread-1] INFO  edu.usu.cs5260.producer.RequestGenerator - Generate a Create request
04:15:20.336 [Thread-1] INFO  edu.usu.cs5260.producer.RequestGenerator - Generate a Create request
04:15:20.379 [Thread-1] INFO  edu.usu.cs5260.producer.RequestGenerator - Generate a Create request
04:15:20.440 [Thread-1] INFO  edu.usu.cs5260.producer.RequestGenerator - Generate a Create request
04:15:20.489 [Thread-1] INFO  edu.usu.cs5260.producer.RequestGenerator - Generate a Create request
04:15:20.536 [Thread-1] INFO  edu.usu.cs5260.producer.RequestGenerator - Generate an Update request
04:15:20.771 [Thread-1] INFO  edu.usu.cs5260.producer.RequestGenerator - Generate a Create request
04:15:20.810 [Thread-1] INFO  edu.usu.cs5260.producer.RequestGenerator - Generate a Create request
04:15:20.841 [Thread-1] INFO  edu.usu.cs5260.producer.RequestGenerator - Generate a Create request
04:15:20.885 [Thread-1] INFO  edu.usu.cs5260.producer.RequestGenerator - Generate an Update request
04:15:21.123 [Thread-1] INFO  edu.usu.cs5260.producer.RequestGenerator - Generate a Create request
04:15:21.162 [Thread-1] INFO  edu.usu.cs5260.producer.RequestGenerator - Generate a Delete request
04:15:21.419 [Thread-1] INFO  edu.usu.cs5260.producer.RequestGenerator - Generate an Update request
04:15:21.666 [Thread-1] INFO  edu.usu.cs5260.producer.RequestGenerator - Generate an Update request
04:15:21.904 [Thread-1] INFO  edu.usu.cs5260.producer.RequestGenerator - Generate a Create request
04:15:21.947 [Thread-1] INFO  edu.usu.cs5260.producer.RequestGenerator - Generate a Create request
04:15:21.976 [Thread-1] INFO  edu.usu.cs5260.producer.RequestGenerator - Generate a Create request
04:15:22.011 [Thread-1] INFO  edu.usu.cs5260.producer.RequestGenerator - Generate a Create request
04:15:22.083 [Thread-1] INFO  edu.usu.cs5260.producer.RequestGenerator - Generate an Update request
04:15:22.322 [Thread-1] INFO  edu.usu.cs5260.producer.RequestGenerator - Generate a Create request
04:15:22.358 [Thread-1] INFO  edu.usu.cs5260.producer.RequestGenerator - Generate a Create request
04:15:22.387 [Thread-1] INFO  edu.usu.cs5260.producer.RequestGenerator - Generate an Update request
04:15:22.627 [Thread-1] INFO  edu.usu.cs5260.producer.RequestGenerator - Generate an Update request
04:15:22.864 [Thread-1] INFO  edu.usu.cs5260.producer.RequestGenerator - Generate a Create request
04:15:22.899 [Thread-1] INFO  edu.usu.cs5260.producer.RequestGenerator - Generate a Create request
04:15:22.931 [Thread-1] INFO  edu.usu.cs5260.producer.RequestGenerator - Generate an Update request
04:15:23.164 [Thread-1] INFO  edu.usu.cs5260.producer.RequestGenerator - Generate a Create request
04:15:23.194 [Thread-1] INFO  edu.usu.cs5260.producer.RequestGenerator - Generate a Create request
04:15:23.222 [Thread-1] INFO  edu.usu.cs5260.producer.RequestGenerator - Generate a Create request
04:15:23.252 [Thread-1] INFO  edu.usu.cs5260.producer.RequestGenerator - Generate an Update request
04:15:23.484 [Thread-1] INFO  edu.usu.cs5260.producer.RequestGenerator - Generate a Create request
04:15:23.519 [Thread-1] INFO  edu.usu.cs5260.producer.RequestGenerator - Generate a Delete request
04:15:23.766 [Thread-1] INFO  edu.usu.cs5260.producer.RequestGenerator - Generate an Update request
04:15:23.997 [Thread-1] INFO  edu.usu.cs5260.producer.RequestGenerator - Generate a Create request
04:15:24.029 [Thread-1] INFO  edu.usu.cs5260.producer.RequestGenerator - Generate a Create request
04:15:24.093 [Thread-1] INFO  edu.usu.cs5260.producer.RequestGenerator - Generate a Create request
04:15:24.119 [Thread-1] INFO  edu.usu.cs5260.producer.RequestGenerator - Generate an Update request
04:15:24.354 [Thread-1] INFO  edu.usu.cs5260.producer.RequestGenerator - Generate a Create request
04:15:24.383 [Thread-1] INFO  edu.usu.cs5260.producer.RequestGenerator - Generate an Update request
04:15:24.618 [Thread-1] INFO  edu.usu.cs5260.producer.RequestGenerator - Generate an Update request
04:15:24.850 [Thread-1] INFO  edu.usu.cs5260.producer.RequestGenerator - Generate a Create request
04:15:24.883 [Thread-1] INFO  edu.usu.cs5260.producer.RequestGenerator - Generate a Delete request
04:15:25.108 [Thread-1] INFO  edu.usu.cs5260.producer.RequestGenerator - Generate a Create request
04:15:25.150 [Thread-1] INFO  edu.usu.cs5260.producer.RequestGenerator - Generate an Update request
04:15:25.378 [Thread-1] INFO  edu.usu.cs5260.producer.RequestGenerator - Generate a Create request
04:15:25.426 [Thread-1] INFO  edu.usu.cs5260.producer.RequestGenerator - Generate a Create request
04:15:25.455 [Thread-1] INFO  edu.usu.cs5260.producer.RequestGenerator - Generate an Update request
04:15:25.688 [Thread-1] INFO  edu.usu.cs5260.producer.RequestGenerator - Generate a Delete request
04:15:25.920 [Thread-1] INFO  edu.usu.cs5260.producer.RequestGenerator - Generate a Delete request
04:15:26.152 [Thread-1] INFO  edu.usu.cs5260.producer.RequestGenerator - Generate a Delete request
04:15:26.392 [Thread-1] INFO  edu.usu.cs5260.producer.RequestGenerator - Generate an Update request
04:15:26.619 [Thread-1] INFO  edu.usu.cs5260.producer.RequestGenerator - Generate an Update request
04:15:26.856 [Thread-1] INFO  edu.usu.cs5260.producer.RequestGenerator - Generate a Create request
04:15:26.888 [Thread-1] INFO  edu.usu.cs5260.producer.RequestGenerator - Generate a Create request
04:15:26.923 [Thread-1] INFO  edu.usu.cs5260.producer.RequestGenerator - Generate a Create request
04:15:26.953 [Thread-1] INFO  edu.usu.cs5260.producer.RequestGenerator - Generate a Create request
04:15:26.986 [Thread-1] INFO  edu.usu.cs5260.producer.RequestGenerator - Generate a Create request
04:15:27.017 [Thread-1] INFO  edu.usu.cs5260.producer.RequestGenerator - Generate a Delete request
04:15:27.249 [Thread-1] INFO  edu.usu.cs5260.producer.RequestGenerator - Generate a Create request
04:15:27.310 [Thread-1] INFO  edu.usu.cs5260.producer.RequestGenerator - Generate an Update request
04:15:27.552 [Thread-1] INFO  edu.usu.cs5260.producer.RequestGenerator - Generate an Update request
04:15:27.818 [Thread-1] INFO  edu.usu.cs5260.producer.RequestGenerator - Generate a Delete request
04:15:28.048 [Thread-1] INFO  edu.usu.cs5260.producer.RequestGenerator - Generate an Update request
04:15:28.280 [Thread-1] INFO  edu.usu.cs5260.producer.RequestGenerator - Generate an Update request
04:15:28.515 [Thread-1] INFO  edu.usu.cs5260.producer.RequestGenerator - Generate a Create request
04:15:28.547 [Thread-1] INFO  edu.usu.cs5260.producer.RequestGenerator - Generate a Create request
04:15:28.588 [Thread-1] INFO  edu.usu.cs5260.producer.RequestGenerator - Generate an Update request
04:15:28.821 [Thread-1] INFO  edu.usu.cs5260.producer.RequestGenerator - Generate an Update request
04:15:29.065 [Thread-1] INFO  edu.usu.cs5260.producer.RequestGenerator - Generate a Delete request
04:15:29.305 [Thread-1] INFO  edu.usu.cs5260.producer.RequestGenerator - Generate an Update request
04:15:29.537 [Thread-1] INFO  edu.usu.cs5260.producer.RequestGenerator - Generate an Update request
04:15:29.785 [Thread-1] INFO  edu.usu.cs5260.producer.RequestGenerator - Generate an Update request
04:15:30.020 [Thread-1] INFO  edu.usu.cs5260.producer.RequestGenerator - Generate a Create request
04:15:30.053 [Thread-1] INFO  edu.usu.cs5260.producer.RequestGenerator - Generate a Create request
04:15:30.088 [Thread-1] INFO  edu.usu.cs5260.producer.RequestGenerator - Generate a Create request
04:15:30.121 [Thread-1] INFO  edu.usu.cs5260.producer.RequestGenerator - Generate a Create request
04:15:30.158 [Thread-1] INFO  edu.usu.cs5260.producer.RequestGenerator - Generate a Delete request
04:15:30.383 [Thread-1] INFO  edu.usu.cs5260.producer.RequestGenerator - Generate a Create request
04:15:30.418 [Thread-1] INFO  edu.usu.cs5260.producer.RequestGenerator - Generate a Delete request
04:15:30.642 [Thread-1] INFO  edu.usu.cs5260.producer.RequestGenerator - Generate a Create request
04:15:30.687 [Thread-1] INFO  edu.usu.cs5260.producer.RequestGenerator - Generate an Update request
04:15:30.973 [Thread-1] INFO  edu.usu.cs5260.producer.RequestGenerator - Generate a Create request
04:15:31.022 [Thread-1] INFO  edu.usu.cs5260.producer.RequestGenerator - Generate a Create request
04:15:31.055 [Thread-1] INFO  edu.usu.cs5260.producer.RequestGenerator - Generate an Update request
04:15:31.288 [Thread-1] INFO  edu.usu.cs5260.producer.RequestGenerator - Generate a Create request
04:15:31.319 [Thread-1] INFO  edu.usu.cs5260.producer.RequestGenerator - Generate a Create request
04:15:31.371 [Thread-1] INFO  edu.usu.cs5260.producer.RequestGenerator - Generate a Create request
04:15:31.404 [Thread-1] INFO  edu.usu.cs5260.producer.RequestGenerator - Generate an Update request
04:15:31.638 [Thread-1] INFO  edu.usu.cs5260.producer.RequestGenerator - Generate an Update request
04:15:31.871 [Thread-1] INFO  edu.usu.cs5260.producer.RequestGenerator - Generate an Update request
04:15:32.102 [Thread-1] INFO  edu.usu.cs5260.producer.RequestGenerator - Generate a Create request
04:15:32.144 [Thread-1] INFO  edu.usu.cs5260.producer.RequestGenerator - Generate an Update request
04:15:32.378 [Thread-1] INFO  edu.usu.cs5260.producer.RequestGenerator - Generate a Create request
04:15:32.416 [Thread-1] INFO  edu.usu.cs5260.producer.RequestGenerator - Generate a Create request
04:15:32.450 [Thread-1] INFO  edu.usu.cs5260.producer.RequestGenerator - Generate a Create request
04:15:32.496 [Thread-1] INFO  edu.usu.cs5260.producer.RequestGenerator - Generate an Update request
04:15:32.742 [Thread-1] INFO  edu.usu.cs5260.producer.RequestGenerator - Generate an Update request
